<Log>
<Date>2014-12-21 10:14:29 770</Date>
<Client_ID>0</Client_ID>
<User_ID>0</User_ID>
<Location>Yujian.WebService.Interface.Data.Page_Load</Location>
<Stack_Trances>
	  在类 Yujian.WebService.Interface.InterfaceHandler  方法 PreDrawLottery  位置 f:\WeiXin\WeiXin(3)\Yujian.WebService\Interface\InterfaceHandler.ashx.cs  行号 116
	  在类 Yujian.WebService.Interface.Data  方法 Page_Load  位置 f:\WeiXin\WeiXin(3)\Yujian.WebService\Interface\Data.aspx.cs  行号 28
</Stack_Trances>
<Content>
	<Message>
		PreDrawLottery: {"OpenID":"obbEAj1sXp06eR1GOrbb_VgIQ7yY"}
	</Message>
</Content>
</Log>

<Log>
<Date>2014-12-21 10:15:08 889</Date>
<Client_ID>0</Client_ID>
<User_ID>0</User_ID>
<Location>Yujian.WebService.Interface.Data.Page_Load</Location>
<Stack_Trances>
	  在类 Yujian.WebService.Interface.InterfaceHandler  方法 PreDrawLottery  位置 f:\WeiXin\WeiXin(3)\Yujian.WebService\Interface\InterfaceHandler.ashx.cs  行号 116
	  在类 Yujian.WebService.Interface.Data  方法 Page_Load  位置 f:\WeiXin\WeiXin(3)\Yujian.WebService\Interface\Data.aspx.cs  行号 28
</Stack_Trances>
<Content>
	<Message>
		PreDrawLottery: {"OpenID":"obbEAj1sXp06eR1GOrbb_VgIQ7yY"}
	</Message>
</Content>
</Log>

<Log>
<Date>2014-12-21 10:16:52 326</Date>
<Client_ID>0</Client_ID>
<User_ID>0</User_ID>
<Location>Yujian.WebService.Interface.Data.Page_Load</Location>
<Stack_Trances>
	  在类 Yujian.WebService.Interface.InterfaceHandler  方法 PreDrawLottery  位置 f:\WeiXin\WeiXin(3)\Yujian.WebService\Interface\InterfaceHandler.ashx.cs  行号 116
	  在类 Yujian.WebService.Interface.Data  方法 Page_Load  位置 f:\WeiXin\WeiXin(3)\Yujian.WebService\Interface\Data.aspx.cs  行号 28
</Stack_Trances>
<Content>
	<Message>
		PreDrawLottery: {"OpenID":"obbEAj1sXp06eR1GOrbb_VgIQ7yY"}
	</Message>
</Content>
</Log>

<Log>
<Date>2014-12-21 10:34:24 401</Date>
<Client_ID>0</Client_ID>
<User_ID>0</User_ID>
<Location>Yujian.WebService.Interface.Data.Page_Load</Location>
<Stack_Trances>
	  在类 Yujian.WebService.Interface.InterfaceHandler  方法 PreDrawLottery  位置 f:\WeiXin\WeiXin(3)\Yujian.WebService\Interface\InterfaceHandler.ashx.cs  行号 116
	  在类 Yujian.WebService.Interface.Data  方法 Page_Load  位置 f:\WeiXin\WeiXin(3)\Yujian.WebService\Interface\Data.aspx.cs  行号 28
</Stack_Trances>
<Content>
	<Message>
		PreDrawLottery: {"OpenID":"obbEAj1sXp06eR1GOrbb_VgIQ7yY"}
	</Message>
</Content>
</Log>

<Log>
<Date>2014-12-21 10:44:49 995</Date>
<Client_ID>0</Client_ID>
<User_ID>0</User_ID>
<Location>Yujian.WebService.Interface.Data.Page_Load</Location>
<Stack_Trances>
	  在类 Yujian.WebService.Interface.InterfaceHandler  方法 SubmitInfo  位置 f:\WeiXin\WeiXin(3)\Yujian.WebService\Interface\InterfaceHandler.ashx.cs  行号 485
	  在类 Yujian.WebService.Interface.Data  方法 Page_Load  位置 f:\WeiXin\WeiXin(3)\Yujian.WebService\Interface\Data.aspx.cs  行号 37
</Stack_Trances>
<Content>
	<Message>
		GetCurrentData: {"OpenID":"obbEAj1sXp06eR1GOrbb_VgIQ7yY","Name":"yujian","Address":"闸北区场中路3121","Phone":"18502193680"}
	</Message>
</Content>
</Log>

