<Log>
<Date>2014-12-19 23:26:06 343</Date>
<Client_ID>0</Client_ID>
<User_ID>0</User_ID>
<Location>Yujian.WebService.Interface.Data.Page_Load</Location>
<Stack_Trances>
	  在类 Yujian.WebService.Interface.InterfaceHandler  方法 PreDrawLottery  位置 f:\WeiXin\WeiXin(3)\Yujian.WebService\Interface\InterfaceHandler.ashx.cs  行号 96
	  在类 Yujian.WebService.Interface.Data  方法 Page_Load  位置 f:\WeiXin\WeiXin(3)\Yujian.WebService\Interface\Data.aspx.cs  行号 28
</Stack_Trances>
<Content>
	<Message>
		PreDrawLottery: {"OpenID":"obbEAj1sXp06eR1GOrbb_VgIQ7yY"}
	</Message>
</Content>
</Log>

<Log>
<Date>2014-12-19 23:26:31 115</Date>
<Client_ID>0</Client_ID>
<User_ID>0</User_ID>
<Location>Yujian.WebService.Interface.Data.Page_Load</Location>
<Stack_Trances>
	  在类 Yujian.WebService.Interface.InterfaceHandler  方法 PreDrawLottery  位置 f:\WeiXin\WeiXin(3)\Yujian.WebService\Interface\InterfaceHandler.ashx.cs  行号 96
	  在类 Yujian.WebService.Interface.Data  方法 Page_Load  位置 f:\WeiXin\WeiXin(3)\Yujian.WebService\Interface\Data.aspx.cs  行号 28
</Stack_Trances>
<Content>
	<Message>
		PreDrawLottery: {"OpenID":"obbEAj1sXp06eR1GOrbb_VgIQ7yY"}
	</Message>
</Content>
</Log>

<Log>
<Date>2014-12-19 23:28:57 172</Date>
<Client_ID>0</Client_ID>
<User_ID>0</User_ID>
<Location>Yujian.WebService.Interface.Data.Page_Load</Location>
<Stack_Trances>
	  在类 Yujian.WebService.Interface.InterfaceHandler  方法 PreDrawLottery  位置 f:\WeiXin\WeiXin(3)\Yujian.WebService\Interface\InterfaceHandler.ashx.cs  行号 96
	  在类 Yujian.WebService.Interface.Data  方法 Page_Load  位置 f:\WeiXin\WeiXin(3)\Yujian.WebService\Interface\Data.aspx.cs  行号 28
</Stack_Trances>
<Content>
	<Message>
		PreDrawLottery: {"OpenID":"obbEAj1sXp06eR1GOrbb_VgIQ7yY"}
	</Message>
</Content>
</Log>

<Log>
<Date>2014-12-19 23:29:18 023</Date>
<Client_ID>0</Client_ID>
<User_ID>0</User_ID>
<Location>Yujian.WebService.Interface.Data.Page_Load</Location>
<Stack_Trances>
	  在类 Yujian.WebService.Interface.InterfaceHandler  方法 PreDrawLottery  位置 f:\WeiXin\WeiXin(3)\Yujian.WebService\Interface\InterfaceHandler.ashx.cs  行号 96
	  在类 Yujian.WebService.Interface.Data  方法 Page_Load  位置 f:\WeiXin\WeiXin(3)\Yujian.WebService\Interface\Data.aspx.cs  行号 28
</Stack_Trances>
<Content>
	<Message>
		PreDrawLottery: {"OpenID":"obbEAj1sXp06eR1GOrbb_VgIQ7yY"}
	</Message>
</Content>
</Log>

<Log>
<Date>2014-12-19 23:29:24 321</Date>
<Client_ID>0</Client_ID>
<User_ID>0</User_ID>
<Location>Yujian.WebService.Interface.Data.Page_Load</Location>
<Stack_Trances>
	  在类 Yujian.WebService.Interface.InterfaceHandler  方法 PreDrawLottery  位置 f:\WeiXin\WeiXin(3)\Yujian.WebService\Interface\InterfaceHandler.ashx.cs  行号 96
	  在类 Yujian.WebService.Interface.Data  方法 Page_Load  位置 f:\WeiXin\WeiXin(3)\Yujian.WebService\Interface\Data.aspx.cs  行号 28
</Stack_Trances>
<Content>
	<Message>
		PreDrawLottery: {"OpenID":"obbEAj1sXp06eR1GOrbb_VgIQ7yY"}
	</Message>
</Content>
</Log>

<Log>
<Date>2014-12-19 23:29:25 991</Date>
<Client_ID>0</Client_ID>
<User_ID>0</User_ID>
<Location>Yujian.WebService.Interface.Data.Page_Load</Location>
<Stack_Trances>
	  在类 Yujian.WebService.Interface.InterfaceHandler  方法 PreDrawLottery  位置 f:\WeiXin\WeiXin(3)\Yujian.WebService\Interface\InterfaceHandler.ashx.cs  行号 96
	  在类 Yujian.WebService.Interface.Data  方法 Page_Load  位置 f:\WeiXin\WeiXin(3)\Yujian.WebService\Interface\Data.aspx.cs  行号 28
</Stack_Trances>
<Content>
	<Message>
		PreDrawLottery: {"OpenID":"obbEAj1sXp06eR1GOrbb_VgIQ7yY"}
	</Message>
</Content>
</Log>

<Log>
<Date>2014-12-19 23:29:27 201</Date>
<Client_ID>0</Client_ID>
<User_ID>0</User_ID>
<Location>Yujian.WebService.Interface.Data.Page_Load</Location>
<Stack_Trances>
	  在类 Yujian.WebService.Interface.InterfaceHandler  方法 PreDrawLottery  位置 f:\WeiXin\WeiXin(3)\Yujian.WebService\Interface\InterfaceHandler.ashx.cs  行号 96
	  在类 Yujian.WebService.Interface.Data  方法 Page_Load  位置 f:\WeiXin\WeiXin(3)\Yujian.WebService\Interface\Data.aspx.cs  行号 28
</Stack_Trances>
<Content>
	<Message>
		PreDrawLottery: {"OpenID":"obbEAj1sXp06eR1GOrbb_VgIQ7yY"}
	</Message>
</Content>
</Log>

<Log>
<Date>2014-12-19 23:29:28 261</Date>
<Client_ID>0</Client_ID>
<User_ID>0</User_ID>
<Location>Yujian.WebService.Interface.Data.Page_Load</Location>
<Stack_Trances>
	  在类 Yujian.WebService.Interface.InterfaceHandler  方法 PreDrawLottery  位置 f:\WeiXin\WeiXin(3)\Yujian.WebService\Interface\InterfaceHandler.ashx.cs  行号 96
	  在类 Yujian.WebService.Interface.Data  方法 Page_Load  位置 f:\WeiXin\WeiXin(3)\Yujian.WebService\Interface\Data.aspx.cs  行号 28
</Stack_Trances>
<Content>
	<Message>
		PreDrawLottery: {"OpenID":"obbEAj1sXp06eR1GOrbb_VgIQ7yY"}
	</Message>
</Content>
</Log>

<Log>
<Date>2014-12-19 23:29:29 281</Date>
<Client_ID>0</Client_ID>
<User_ID>0</User_ID>
<Location>Yujian.WebService.Interface.Data.Page_Load</Location>
<Stack_Trances>
	  在类 Yujian.WebService.Interface.InterfaceHandler  方法 PreDrawLottery  位置 f:\WeiXin\WeiXin(3)\Yujian.WebService\Interface\InterfaceHandler.ashx.cs  行号 96
	  在类 Yujian.WebService.Interface.Data  方法 Page_Load  位置 f:\WeiXin\WeiXin(3)\Yujian.WebService\Interface\Data.aspx.cs  行号 28
</Stack_Trances>
<Content>
	<Message>
		PreDrawLottery: {"OpenID":"obbEAj1sXp06eR1GOrbb_VgIQ7yY"}
	</Message>
</Content>
</Log>

<Log>
<Date>2014-12-19 23:29:30 311</Date>
<Client_ID>0</Client_ID>
<User_ID>0</User_ID>
<Location>Yujian.WebService.Interface.Data.Page_Load</Location>
<Stack_Trances>
	  在类 Yujian.WebService.Interface.InterfaceHandler  方法 PreDrawLottery  位置 f:\WeiXin\WeiXin(3)\Yujian.WebService\Interface\InterfaceHandler.ashx.cs  行号 96
	  在类 Yujian.WebService.Interface.Data  方法 Page_Load  位置 f:\WeiXin\WeiXin(3)\Yujian.WebService\Interface\Data.aspx.cs  行号 28
</Stack_Trances>
<Content>
	<Message>
		PreDrawLottery: {"OpenID":"obbEAj1sXp06eR1GOrbb_VgIQ7yY"}
	</Message>
</Content>
</Log>

<Log>
<Date>2014-12-19 23:29:56 211</Date>
<Client_ID>0</Client_ID>
<User_ID>0</User_ID>
<Location>Yujian.WebService.Interface.Data.Page_Load</Location>
<Stack_Trances>
	  在类 Yujian.WebService.Interface.InterfaceHandler  方法 PreDrawLottery  位置 f:\WeiXin\WeiXin(3)\Yujian.WebService\Interface\InterfaceHandler.ashx.cs  行号 96
	  在类 Yujian.WebService.Interface.Data  方法 Page_Load  位置 f:\WeiXin\WeiXin(3)\Yujian.WebService\Interface\Data.aspx.cs  行号 28
</Stack_Trances>
<Content>
	<Message>
		PreDrawLottery: {"OpenID":"obbEAj1sXp06eR1GOrbb_VgIQ7yY"}
	</Message>
</Content>
</Log>

<Log>
<Date>2014-12-19 23:36:38 680</Date>
<Client_ID>0</Client_ID>
<User_ID>0</User_ID>
<Location>Yujian.WebService.Interface.Data.Page_Load</Location>
<Stack_Trances>
	  在类 Yujian.WebService.Interface.InterfaceHandler  方法 PreDrawLottery  位置 f:\WeiXin\WeiXin(3)\Yujian.WebService\Interface\InterfaceHandler.ashx.cs  行号 96
	  在类 Yujian.WebService.Interface.Data  方法 Page_Load  位置 f:\WeiXin\WeiXin(3)\Yujian.WebService\Interface\Data.aspx.cs  行号 28
</Stack_Trances>
<Content>
	<Message>
		PreDrawLottery: {"OpenID":"obbEAj1sXp06eR1GOrbb_VgIQ7yY"}
	</Message>
</Content>
</Log>

<Log>
<Date>2014-12-19 23:37:19 169</Date>
<Client_ID>0</Client_ID>
<User_ID>0</User_ID>
<Location>Yujian.WebService.Interface.Data.Page_Load</Location>
<Stack_Trances>
	  在类 Yujian.WebService.Interface.InterfaceHandler  方法 PreDrawLottery  位置 f:\WeiXin\WeiXin(3)\Yujian.WebService\Interface\InterfaceHandler.ashx.cs  行号 96
	  在类 Yujian.WebService.Interface.Data  方法 Page_Load  位置 f:\WeiXin\WeiXin(3)\Yujian.WebService\Interface\Data.aspx.cs  行号 28
</Stack_Trances>
<Content>
	<Message>
		PreDrawLottery: {"OpenID":"obbEAj1sXp06eR1GOrbb_VgIQ7yY"}
	</Message>
</Content>
</Log>

<Log>
<Date>2014-12-19 23:37:21 550</Date>
<Client_ID>0</Client_ID>
<User_ID>0</User_ID>
<Location>Yujian.WebService.Interface.Data.Page_Load</Location>
<Stack_Trances>
	  在类 Yujian.WebService.Interface.InterfaceHandler  方法 PreDrawLottery  位置 f:\WeiXin\WeiXin(3)\Yujian.WebService\Interface\InterfaceHandler.ashx.cs  行号 96
	  在类 Yujian.WebService.Interface.Data  方法 Page_Load  位置 f:\WeiXin\WeiXin(3)\Yujian.WebService\Interface\Data.aspx.cs  行号 28
</Stack_Trances>
<Content>
	<Message>
		PreDrawLottery: {"OpenID":"obbEAj1sXp06eR1GOrbb_VgIQ7yY"}
	</Message>
</Content>
</Log>

<Log>
<Date>2014-12-19 23:37:23 191</Date>
<Client_ID>0</Client_ID>
<User_ID>0</User_ID>
<Location>Yujian.WebService.Interface.Data.Page_Load</Location>
<Stack_Trances>
	  在类 Yujian.WebService.Interface.InterfaceHandler  方法 PreDrawLottery  位置 f:\WeiXin\WeiXin(3)\Yujian.WebService\Interface\InterfaceHandler.ashx.cs  行号 96
	  在类 Yujian.WebService.Interface.Data  方法 Page_Load  位置 f:\WeiXin\WeiXin(3)\Yujian.WebService\Interface\Data.aspx.cs  行号 28
</Stack_Trances>
<Content>
	<Message>
		PreDrawLottery: {"OpenID":"obbEAj1sXp06eR1GOrbb_VgIQ7yY"}
	</Message>
</Content>
</Log>

<Log>
<Date>2014-12-19 23:37:24 846</Date>
<Client_ID>0</Client_ID>
<User_ID>0</User_ID>
<Location>Yujian.WebService.Interface.Data.Page_Load</Location>
<Stack_Trances>
	  在类 Yujian.WebService.Interface.InterfaceHandler  方法 PreDrawLottery  位置 f:\WeiXin\WeiXin(3)\Yujian.WebService\Interface\InterfaceHandler.ashx.cs  行号 96
	  在类 Yujian.WebService.Interface.Data  方法 Page_Load  位置 f:\WeiXin\WeiXin(3)\Yujian.WebService\Interface\Data.aspx.cs  行号 28
</Stack_Trances>
<Content>
	<Message>
		PreDrawLottery: {"OpenID":"obbEAj1sXp06eR1GOrbb_VgIQ7yY"}
	</Message>
</Content>
</Log>

<Log>
<Date>2014-12-19 23:37:26 400</Date>
<Client_ID>0</Client_ID>
<User_ID>0</User_ID>
<Location>Yujian.WebService.Interface.Data.Page_Load</Location>
<Stack_Trances>
	  在类 Yujian.WebService.Interface.InterfaceHandler  方法 PreDrawLottery  位置 f:\WeiXin\WeiXin(3)\Yujian.WebService\Interface\InterfaceHandler.ashx.cs  行号 96
	  在类 Yujian.WebService.Interface.Data  方法 Page_Load  位置 f:\WeiXin\WeiXin(3)\Yujian.WebService\Interface\Data.aspx.cs  行号 28
</Stack_Trances>
<Content>
	<Message>
		PreDrawLottery: {"OpenID":"obbEAj1sXp06eR1GOrbb_VgIQ7yY"}
	</Message>
</Content>
</Log>

<Log>
<Date>2014-12-19 23:37:28 186</Date>
<Client_ID>0</Client_ID>
<User_ID>0</User_ID>
<Location>Yujian.WebService.Interface.Data.Page_Load</Location>
<Stack_Trances>
	  在类 Yujian.WebService.Interface.InterfaceHandler  方法 PreDrawLottery  位置 f:\WeiXin\WeiXin(3)\Yujian.WebService\Interface\InterfaceHandler.ashx.cs  行号 96
	  在类 Yujian.WebService.Interface.Data  方法 Page_Load  位置 f:\WeiXin\WeiXin(3)\Yujian.WebService\Interface\Data.aspx.cs  行号 28
</Stack_Trances>
<Content>
	<Message>
		PreDrawLottery: {"OpenID":"obbEAj1sXp06eR1GOrbb_VgIQ7yY"}
	</Message>
</Content>
</Log>

<Log>
<Date>2014-12-19 23:37:29 690</Date>
<Client_ID>0</Client_ID>
<User_ID>0</User_ID>
<Location>Yujian.WebService.Interface.Data.Page_Load</Location>
<Stack_Trances>
	  在类 Yujian.WebService.Interface.InterfaceHandler  方法 PreDrawLottery  位置 f:\WeiXin\WeiXin(3)\Yujian.WebService\Interface\InterfaceHandler.ashx.cs  行号 96
	  在类 Yujian.WebService.Interface.Data  方法 Page_Load  位置 f:\WeiXin\WeiXin(3)\Yujian.WebService\Interface\Data.aspx.cs  行号 28
</Stack_Trances>
<Content>
	<Message>
		PreDrawLottery: {"OpenID":"obbEAj1sXp06eR1GOrbb_VgIQ7yY"}
	</Message>
</Content>
</Log>

<Log>
<Date>2014-12-19 23:37:31 160</Date>
<Client_ID>0</Client_ID>
<User_ID>0</User_ID>
<Location>Yujian.WebService.Interface.Data.Page_Load</Location>
<Stack_Trances>
	  在类 Yujian.WebService.Interface.InterfaceHandler  方法 PreDrawLottery  位置 f:\WeiXin\WeiXin(3)\Yujian.WebService\Interface\InterfaceHandler.ashx.cs  行号 96
	  在类 Yujian.WebService.Interface.Data  方法 Page_Load  位置 f:\WeiXin\WeiXin(3)\Yujian.WebService\Interface\Data.aspx.cs  行号 28
</Stack_Trances>
<Content>
	<Message>
		PreDrawLottery: {"OpenID":"obbEAj1sXp06eR1GOrbb_VgIQ7yY"}
	</Message>
</Content>
</Log>

<Log>
<Date>2014-12-19 23:37:32 764</Date>
<Client_ID>0</Client_ID>
<User_ID>0</User_ID>
<Location>Yujian.WebService.Interface.Data.Page_Load</Location>
<Stack_Trances>
	  在类 Yujian.WebService.Interface.InterfaceHandler  方法 PreDrawLottery  位置 f:\WeiXin\WeiXin(3)\Yujian.WebService\Interface\InterfaceHandler.ashx.cs  行号 96
	  在类 Yujian.WebService.Interface.Data  方法 Page_Load  位置 f:\WeiXin\WeiXin(3)\Yujian.WebService\Interface\Data.aspx.cs  行号 28
</Stack_Trances>
<Content>
	<Message>
		PreDrawLottery: {"OpenID":"obbEAj1sXp06eR1GOrbb_VgIQ7yY"}
	</Message>
</Content>
</Log>

<Log>
<Date>2014-12-19 23:37:34 329</Date>
<Client_ID>0</Client_ID>
<User_ID>0</User_ID>
<Location>Yujian.WebService.Interface.Data.Page_Load</Location>
<Stack_Trances>
	  在类 Yujian.WebService.Interface.InterfaceHandler  方法 PreDrawLottery  位置 f:\WeiXin\WeiXin(3)\Yujian.WebService\Interface\InterfaceHandler.ashx.cs  行号 96
	  在类 Yujian.WebService.Interface.Data  方法 Page_Load  位置 f:\WeiXin\WeiXin(3)\Yujian.WebService\Interface\Data.aspx.cs  行号 28
</Stack_Trances>
<Content>
	<Message>
		PreDrawLottery: {"OpenID":"obbEAj1sXp06eR1GOrbb_VgIQ7yY"}
	</Message>
</Content>
</Log>

<Log>
<Date>2014-12-19 23:37:35 837</Date>
<Client_ID>0</Client_ID>
<User_ID>0</User_ID>
<Location>Yujian.WebService.Interface.Data.Page_Load</Location>
<Stack_Trances>
	  在类 Yujian.WebService.Interface.InterfaceHandler  方法 PreDrawLottery  位置 f:\WeiXin\WeiXin(3)\Yujian.WebService\Interface\InterfaceHandler.ashx.cs  行号 96
	  在类 Yujian.WebService.Interface.Data  方法 Page_Load  位置 f:\WeiXin\WeiXin(3)\Yujian.WebService\Interface\Data.aspx.cs  行号 28
</Stack_Trances>
<Content>
	<Message>
		PreDrawLottery: {"OpenID":"obbEAj1sXp06eR1GOrbb_VgIQ7yY"}
	</Message>
</Content>
</Log>

<Log>
<Date>2014-12-19 23:37:37 344</Date>
<Client_ID>0</Client_ID>
<User_ID>0</User_ID>
<Location>Yujian.WebService.Interface.Data.Page_Load</Location>
<Stack_Trances>
	  在类 Yujian.WebService.Interface.InterfaceHandler  方法 PreDrawLottery  位置 f:\WeiXin\WeiXin(3)\Yujian.WebService\Interface\InterfaceHandler.ashx.cs  行号 96
	  在类 Yujian.WebService.Interface.Data  方法 Page_Load  位置 f:\WeiXin\WeiXin(3)\Yujian.WebService\Interface\Data.aspx.cs  行号 28
</Stack_Trances>
<Content>
	<Message>
		PreDrawLottery: {"OpenID":"obbEAj1sXp06eR1GOrbb_VgIQ7yY"}
	</Message>
</Content>
</Log>

<Log>
<Date>2014-12-19 23:37:38 889</Date>
<Client_ID>0</Client_ID>
<User_ID>0</User_ID>
<Location>Yujian.WebService.Interface.Data.Page_Load</Location>
<Stack_Trances>
	  在类 Yujian.WebService.Interface.InterfaceHandler  方法 PreDrawLottery  位置 f:\WeiXin\WeiXin(3)\Yujian.WebService\Interface\InterfaceHandler.ashx.cs  行号 96
	  在类 Yujian.WebService.Interface.Data  方法 Page_Load  位置 f:\WeiXin\WeiXin(3)\Yujian.WebService\Interface\Data.aspx.cs  行号 28
</Stack_Trances>
<Content>
	<Message>
		PreDrawLottery: {"OpenID":"obbEAj1sXp06eR1GOrbb_VgIQ7yY"}
	</Message>
</Content>
</Log>

<Log>
<Date>2014-12-19 23:37:40 467</Date>
<Client_ID>0</Client_ID>
<User_ID>0</User_ID>
<Location>Yujian.WebService.Interface.Data.Page_Load</Location>
<Stack_Trances>
	  在类 Yujian.WebService.Interface.InterfaceHandler  方法 PreDrawLottery  位置 f:\WeiXin\WeiXin(3)\Yujian.WebService\Interface\InterfaceHandler.ashx.cs  行号 96
	  在类 Yujian.WebService.Interface.Data  方法 Page_Load  位置 f:\WeiXin\WeiXin(3)\Yujian.WebService\Interface\Data.aspx.cs  行号 28
</Stack_Trances>
<Content>
	<Message>
		PreDrawLottery: {"OpenID":"obbEAj1sXp06eR1GOrbb_VgIQ7yY"}
	</Message>
</Content>
</Log>

<Log>
<Date>2014-12-19 23:37:42 013</Date>
<Client_ID>0</Client_ID>
<User_ID>0</User_ID>
<Location>Yujian.WebService.Interface.Data.Page_Load</Location>
<Stack_Trances>
	  在类 Yujian.WebService.Interface.InterfaceHandler  方法 PreDrawLottery  位置 f:\WeiXin\WeiXin(3)\Yujian.WebService\Interface\InterfaceHandler.ashx.cs  行号 96
	  在类 Yujian.WebService.Interface.Data  方法 Page_Load  位置 f:\WeiXin\WeiXin(3)\Yujian.WebService\Interface\Data.aspx.cs  行号 28
</Stack_Trances>
<Content>
	<Message>
		PreDrawLottery: {"OpenID":"obbEAj1sXp06eR1GOrbb_VgIQ7yY"}
	</Message>
</Content>
</Log>

<Log>
<Date>2014-12-19 23:37:43 426</Date>
<Client_ID>0</Client_ID>
<User_ID>0</User_ID>
<Location>Yujian.WebService.Interface.Data.Page_Load</Location>
<Stack_Trances>
	  在类 Yujian.WebService.Interface.InterfaceHandler  方法 PreDrawLottery  位置 f:\WeiXin\WeiXin(3)\Yujian.WebService\Interface\InterfaceHandler.ashx.cs  行号 96
	  在类 Yujian.WebService.Interface.Data  方法 Page_Load  位置 f:\WeiXin\WeiXin(3)\Yujian.WebService\Interface\Data.aspx.cs  行号 28
</Stack_Trances>
<Content>
	<Message>
		PreDrawLottery: {"OpenID":"obbEAj1sXp06eR1GOrbb_VgIQ7yY"}
	</Message>
</Content>
</Log>

<Log>
<Date>2014-12-19 23:37:44 849</Date>
<Client_ID>0</Client_ID>
<User_ID>0</User_ID>
<Location>Yujian.WebService.Interface.Data.Page_Load</Location>
<Stack_Trances>
	  在类 Yujian.WebService.Interface.InterfaceHandler  方法 PreDrawLottery  位置 f:\WeiXin\WeiXin(3)\Yujian.WebService\Interface\InterfaceHandler.ashx.cs  行号 96
	  在类 Yujian.WebService.Interface.Data  方法 Page_Load  位置 f:\WeiXin\WeiXin(3)\Yujian.WebService\Interface\Data.aspx.cs  行号 28
</Stack_Trances>
<Content>
	<Message>
		PreDrawLottery: {"OpenID":"obbEAj1sXp06eR1GOrbb_VgIQ7yY"}
	</Message>
</Content>
</Log>

<Log>
<Date>2014-12-19 23:37:46 232</Date>
<Client_ID>0</Client_ID>
<User_ID>0</User_ID>
<Location>Yujian.WebService.Interface.Data.Page_Load</Location>
<Stack_Trances>
	  在类 Yujian.WebService.Interface.InterfaceHandler  方法 PreDrawLottery  位置 f:\WeiXin\WeiXin(3)\Yujian.WebService\Interface\InterfaceHandler.ashx.cs  行号 96
	  在类 Yujian.WebService.Interface.Data  方法 Page_Load  位置 f:\WeiXin\WeiXin(3)\Yujian.WebService\Interface\Data.aspx.cs  行号 28
</Stack_Trances>
<Content>
	<Message>
		PreDrawLottery: {"OpenID":"obbEAj1sXp06eR1GOrbb_VgIQ7yY"}
	</Message>
</Content>
</Log>

<Log>
<Date>2014-12-19 23:37:47 614</Date>
<Client_ID>0</Client_ID>
<User_ID>0</User_ID>
<Location>Yujian.WebService.Interface.Data.Page_Load</Location>
<Stack_Trances>
	  在类 Yujian.WebService.Interface.InterfaceHandler  方法 PreDrawLottery  位置 f:\WeiXin\WeiXin(3)\Yujian.WebService\Interface\InterfaceHandler.ashx.cs  行号 96
	  在类 Yujian.WebService.Interface.Data  方法 Page_Load  位置 f:\WeiXin\WeiXin(3)\Yujian.WebService\Interface\Data.aspx.cs  行号 28
</Stack_Trances>
<Content>
	<Message>
		PreDrawLottery: {"OpenID":"obbEAj1sXp06eR1GOrbb_VgIQ7yY"}
	</Message>
</Content>
</Log>

<Log>
<Date>2014-12-19 23:37:48 916</Date>
<Client_ID>0</Client_ID>
<User_ID>0</User_ID>
<Location>Yujian.WebService.Interface.Data.Page_Load</Location>
<Stack_Trances>
	  在类 Yujian.WebService.Interface.InterfaceHandler  方法 PreDrawLottery  位置 f:\WeiXin\WeiXin(3)\Yujian.WebService\Interface\InterfaceHandler.ashx.cs  行号 96
	  在类 Yujian.WebService.Interface.Data  方法 Page_Load  位置 f:\WeiXin\WeiXin(3)\Yujian.WebService\Interface\Data.aspx.cs  行号 28
</Stack_Trances>
<Content>
	<Message>
		PreDrawLottery: {"OpenID":"obbEAj1sXp06eR1GOrbb_VgIQ7yY"}
	</Message>
</Content>
</Log>

<Log>
<Date>2014-12-19 23:37:50 535</Date>
<Client_ID>0</Client_ID>
<User_ID>0</User_ID>
<Location>Yujian.WebService.Interface.Data.Page_Load</Location>
<Stack_Trances>
	  在类 Yujian.WebService.Interface.InterfaceHandler  方法 PreDrawLottery  位置 f:\WeiXin\WeiXin(3)\Yujian.WebService\Interface\InterfaceHandler.ashx.cs  行号 96
	  在类 Yujian.WebService.Interface.Data  方法 Page_Load  位置 f:\WeiXin\WeiXin(3)\Yujian.WebService\Interface\Data.aspx.cs  行号 28
</Stack_Trances>
<Content>
	<Message>
		PreDrawLottery: {"OpenID":"obbEAj1sXp06eR1GOrbb_VgIQ7yY"}
	</Message>
</Content>
</Log>

<Log>
<Date>2014-12-19 23:37:51 979</Date>
<Client_ID>0</Client_ID>
<User_ID>0</User_ID>
<Location>Yujian.WebService.Interface.Data.Page_Load</Location>
<Stack_Trances>
	  在类 Yujian.WebService.Interface.InterfaceHandler  方法 PreDrawLottery  位置 f:\WeiXin\WeiXin(3)\Yujian.WebService\Interface\InterfaceHandler.ashx.cs  行号 96
	  在类 Yujian.WebService.Interface.Data  方法 Page_Load  位置 f:\WeiXin\WeiXin(3)\Yujian.WebService\Interface\Data.aspx.cs  行号 28
</Stack_Trances>
<Content>
	<Message>
		PreDrawLottery: {"OpenID":"obbEAj1sXp06eR1GOrbb_VgIQ7yY"}
	</Message>
</Content>
</Log>

<Log>
<Date>2014-12-19 23:37:53 386</Date>
<Client_ID>0</Client_ID>
<User_ID>0</User_ID>
<Location>Yujian.WebService.Interface.Data.Page_Load</Location>
<Stack_Trances>
	  在类 Yujian.WebService.Interface.InterfaceHandler  方法 PreDrawLottery  位置 f:\WeiXin\WeiXin(3)\Yujian.WebService\Interface\InterfaceHandler.ashx.cs  行号 96
	  在类 Yujian.WebService.Interface.Data  方法 Page_Load  位置 f:\WeiXin\WeiXin(3)\Yujian.WebService\Interface\Data.aspx.cs  行号 28
</Stack_Trances>
<Content>
	<Message>
		PreDrawLottery: {"OpenID":"obbEAj1sXp06eR1GOrbb_VgIQ7yY"}
	</Message>
</Content>
</Log>

<Log>
<Date>2014-12-19 23:37:54 972</Date>
<Client_ID>0</Client_ID>
<User_ID>0</User_ID>
<Location>Yujian.WebService.Interface.Data.Page_Load</Location>
<Stack_Trances>
	  在类 Yujian.WebService.Interface.InterfaceHandler  方法 PreDrawLottery  位置 f:\WeiXin\WeiXin(3)\Yujian.WebService\Interface\InterfaceHandler.ashx.cs  行号 96
	  在类 Yujian.WebService.Interface.Data  方法 Page_Load  位置 f:\WeiXin\WeiXin(3)\Yujian.WebService\Interface\Data.aspx.cs  行号 28
</Stack_Trances>
<Content>
	<Message>
		PreDrawLottery: {"OpenID":"obbEAj1sXp06eR1GOrbb_VgIQ7yY"}
	</Message>
</Content>
</Log>

<Log>
<Date>2014-12-19 23:37:56 642</Date>
<Client_ID>0</Client_ID>
<User_ID>0</User_ID>
<Location>Yujian.WebService.Interface.Data.Page_Load</Location>
<Stack_Trances>
	  在类 Yujian.WebService.Interface.InterfaceHandler  方法 PreDrawLottery  位置 f:\WeiXin\WeiXin(3)\Yujian.WebService\Interface\InterfaceHandler.ashx.cs  行号 96
	  在类 Yujian.WebService.Interface.Data  方法 Page_Load  位置 f:\WeiXin\WeiXin(3)\Yujian.WebService\Interface\Data.aspx.cs  行号 28
</Stack_Trances>
<Content>
	<Message>
		PreDrawLottery: {"OpenID":"obbEAj1sXp06eR1GOrbb_VgIQ7yY"}
	</Message>
</Content>
</Log>

<Log>
<Date>2014-12-19 23:37:58 282</Date>
<Client_ID>0</Client_ID>
<User_ID>0</User_ID>
<Location>Yujian.WebService.Interface.Data.Page_Load</Location>
<Stack_Trances>
	  在类 Yujian.WebService.Interface.InterfaceHandler  方法 PreDrawLottery  位置 f:\WeiXin\WeiXin(3)\Yujian.WebService\Interface\InterfaceHandler.ashx.cs  行号 96
	  在类 Yujian.WebService.Interface.Data  方法 Page_Load  位置 f:\WeiXin\WeiXin(3)\Yujian.WebService\Interface\Data.aspx.cs  行号 28
</Stack_Trances>
<Content>
	<Message>
		PreDrawLottery: {"OpenID":"obbEAj1sXp06eR1GOrbb_VgIQ7yY"}
	</Message>
</Content>
</Log>

<Log>
<Date>2014-12-19 23:37:59 722</Date>
<Client_ID>0</Client_ID>
<User_ID>0</User_ID>
<Location>Yujian.WebService.Interface.Data.Page_Load</Location>
<Stack_Trances>
	  在类 Yujian.WebService.Interface.InterfaceHandler  方法 PreDrawLottery  位置 f:\WeiXin\WeiXin(3)\Yujian.WebService\Interface\InterfaceHandler.ashx.cs  行号 96
	  在类 Yujian.WebService.Interface.Data  方法 Page_Load  位置 f:\WeiXin\WeiXin(3)\Yujian.WebService\Interface\Data.aspx.cs  行号 28
</Stack_Trances>
<Content>
	<Message>
		PreDrawLottery: {"OpenID":"obbEAj1sXp06eR1GOrbb_VgIQ7yY"}
	</Message>
</Content>
</Log>

<Log>
<Date>2014-12-19 23:38:01 102</Date>
<Client_ID>0</Client_ID>
<User_ID>0</User_ID>
<Location>Yujian.WebService.Interface.Data.Page_Load</Location>
<Stack_Trances>
	  在类 Yujian.WebService.Interface.InterfaceHandler  方法 PreDrawLottery  位置 f:\WeiXin\WeiXin(3)\Yujian.WebService\Interface\InterfaceHandler.ashx.cs  行号 96
	  在类 Yujian.WebService.Interface.Data  方法 Page_Load  位置 f:\WeiXin\WeiXin(3)\Yujian.WebService\Interface\Data.aspx.cs  行号 28
</Stack_Trances>
<Content>
	<Message>
		PreDrawLottery: {"OpenID":"obbEAj1sXp06eR1GOrbb_VgIQ7yY"}
	</Message>
</Content>
</Log>

<Log>
<Date>2014-12-19 23:38:02 672</Date>
<Client_ID>0</Client_ID>
<User_ID>0</User_ID>
<Location>Yujian.WebService.Interface.Data.Page_Load</Location>
<Stack_Trances>
	  在类 Yujian.WebService.Interface.InterfaceHandler  方法 PreDrawLottery  位置 f:\WeiXin\WeiXin(3)\Yujian.WebService\Interface\InterfaceHandler.ashx.cs  行号 96
	  在类 Yujian.WebService.Interface.Data  方法 Page_Load  位置 f:\WeiXin\WeiXin(3)\Yujian.WebService\Interface\Data.aspx.cs  行号 28
</Stack_Trances>
<Content>
	<Message>
		PreDrawLottery: {"OpenID":"obbEAj1sXp06eR1GOrbb_VgIQ7yY"}
	</Message>
</Content>
</Log>

<Log>
<Date>2014-12-19 23:38:04 152</Date>
<Client_ID>0</Client_ID>
<User_ID>0</User_ID>
<Location>Yujian.WebService.Interface.Data.Page_Load</Location>
<Stack_Trances>
	  在类 Yujian.WebService.Interface.InterfaceHandler  方法 PreDrawLottery  位置 f:\WeiXin\WeiXin(3)\Yujian.WebService\Interface\InterfaceHandler.ashx.cs  行号 96
	  在类 Yujian.WebService.Interface.Data  方法 Page_Load  位置 f:\WeiXin\WeiXin(3)\Yujian.WebService\Interface\Data.aspx.cs  行号 28
</Stack_Trances>
<Content>
	<Message>
		PreDrawLottery: {"OpenID":"obbEAj1sXp06eR1GOrbb_VgIQ7yY"}
	</Message>
</Content>
</Log>

<Log>
<Date>2014-12-19 23:38:10 322</Date>
<Client_ID>0</Client_ID>
<User_ID>0</User_ID>
<Location>Yujian.WebService.Interface.Data.Page_Load</Location>
<Stack_Trances>
	  在类 Yujian.WebService.Interface.InterfaceHandler  方法 PreDrawLottery  位置 f:\WeiXin\WeiXin(3)\Yujian.WebService\Interface\InterfaceHandler.ashx.cs  行号 96
	  在类 Yujian.WebService.Interface.Data  方法 Page_Load  位置 f:\WeiXin\WeiXin(3)\Yujian.WebService\Interface\Data.aspx.cs  行号 28
</Stack_Trances>
<Content>
	<Message>
		PreDrawLottery: {"OpenID":"obbEAj1sXp06eR1GOrbb_VgIQ7yY"}
	</Message>
</Content>
</Log>

<Log>
<Date>2014-12-19 23:38:31 512</Date>
<Client_ID>0</Client_ID>
<User_ID>0</User_ID>
<Location>Yujian.WebService.Interface.Data.Page_Load</Location>
<Stack_Trances>
	  在类 Yujian.WebService.Interface.InterfaceHandler  方法 PreDrawLottery  位置 f:\WeiXin\WeiXin(3)\Yujian.WebService\Interface\InterfaceHandler.ashx.cs  行号 96
	  在类 Yujian.WebService.Interface.Data  方法 Page_Load  位置 f:\WeiXin\WeiXin(3)\Yujian.WebService\Interface\Data.aspx.cs  行号 28
</Stack_Trances>
<Content>
	<Message>
		PreDrawLottery: {"OpenID":"obbEAj1sXp06eR1GOrbb_VgIQ7yY"}
	</Message>
</Content>
</Log>

<Log>
<Date>2014-12-19 23:38:52 569</Date>
<Client_ID>0</Client_ID>
<User_ID>0</User_ID>
<Location>Yujian.WebService.Interface.Data.Page_Load</Location>
<Stack_Trances>
	  在类 Yujian.WebService.Interface.InterfaceHandler  方法 PreDrawLottery  位置 f:\WeiXin\WeiXin(3)\Yujian.WebService\Interface\InterfaceHandler.ashx.cs  行号 96
	  在类 Yujian.WebService.Interface.Data  方法 Page_Load  位置 f:\WeiXin\WeiXin(3)\Yujian.WebService\Interface\Data.aspx.cs  行号 28
</Stack_Trances>
<Content>
	<Message>
		PreDrawLottery: {"OpenID":"obbEAj1sXp06eR1GOrbb_VgIQ7yY"}
	</Message>
</Content>
</Log>

<Log>
<Date>2014-12-19 23:39:38 913</Date>
<Client_ID>0</Client_ID>
<User_ID>0</User_ID>
<Location>Yujian.WebService.Interface.Data.Page_Load</Location>
<Stack_Trances>
	  在类 Yujian.WebService.Interface.InterfaceHandler  方法 PreDrawLottery  位置 f:\WeiXin\WeiXin(3)\Yujian.WebService\Interface\InterfaceHandler.ashx.cs  行号 96
	  在类 Yujian.WebService.Interface.Data  方法 Page_Load  位置 f:\WeiXin\WeiXin(3)\Yujian.WebService\Interface\Data.aspx.cs  行号 28
</Stack_Trances>
<Content>
	<Message>
		PreDrawLottery: {"OpenID":"obbEAj1sXp06eR1GOrbb_VgIQ7yY"}
	</Message>
</Content>
</Log>

<Log>
<Date>2014-12-19 23:39:40 563</Date>
<Client_ID>0</Client_ID>
<User_ID>0</User_ID>
<Location>Yujian.WebService.Interface.Data.Page_Load</Location>
<Stack_Trances>
	  在类 Yujian.WebService.Interface.InterfaceHandler  方法 PreDrawLottery  位置 f:\WeiXin\WeiXin(3)\Yujian.WebService\Interface\InterfaceHandler.ashx.cs  行号 96
	  在类 Yujian.WebService.Interface.Data  方法 Page_Load  位置 f:\WeiXin\WeiXin(3)\Yujian.WebService\Interface\Data.aspx.cs  行号 28
</Stack_Trances>
<Content>
	<Message>
		PreDrawLottery: {"OpenID":"obbEAj1sXp06eR1GOrbb_VgIQ7yY"}
	</Message>
</Content>
</Log>

<Log>
<Date>2014-12-19 23:39:42 093</Date>
<Client_ID>0</Client_ID>
<User_ID>0</User_ID>
<Location>Yujian.WebService.Interface.Data.Page_Load</Location>
<Stack_Trances>
	  在类 Yujian.WebService.Interface.InterfaceHandler  方法 PreDrawLottery  位置 f:\WeiXin\WeiXin(3)\Yujian.WebService\Interface\InterfaceHandler.ashx.cs  行号 96
	  在类 Yujian.WebService.Interface.Data  方法 Page_Load  位置 f:\WeiXin\WeiXin(3)\Yujian.WebService\Interface\Data.aspx.cs  行号 28
</Stack_Trances>
<Content>
	<Message>
		PreDrawLottery: {"OpenID":"obbEAj1sXp06eR1GOrbb_VgIQ7yY"}
	</Message>
</Content>
</Log>

<Log>
<Date>2014-12-19 23:39:43 463</Date>
<Client_ID>0</Client_ID>
<User_ID>0</User_ID>
<Location>Yujian.WebService.Interface.Data.Page_Load</Location>
<Stack_Trances>
	  在类 Yujian.WebService.Interface.InterfaceHandler  方法 PreDrawLottery  位置 f:\WeiXin\WeiXin(3)\Yujian.WebService\Interface\InterfaceHandler.ashx.cs  行号 96
	  在类 Yujian.WebService.Interface.Data  方法 Page_Load  位置 f:\WeiXin\WeiXin(3)\Yujian.WebService\Interface\Data.aspx.cs  行号 28
</Stack_Trances>
<Content>
	<Message>
		PreDrawLottery: {"OpenID":"obbEAj1sXp06eR1GOrbb_VgIQ7yY"}
	</Message>
</Content>
</Log>

<Log>
<Date>2014-12-19 23:39:44 903</Date>
<Client_ID>0</Client_ID>
<User_ID>0</User_ID>
<Location>Yujian.WebService.Interface.Data.Page_Load</Location>
<Stack_Trances>
	  在类 Yujian.WebService.Interface.InterfaceHandler  方法 PreDrawLottery  位置 f:\WeiXin\WeiXin(3)\Yujian.WebService\Interface\InterfaceHandler.ashx.cs  行号 96
	  在类 Yujian.WebService.Interface.Data  方法 Page_Load  位置 f:\WeiXin\WeiXin(3)\Yujian.WebService\Interface\Data.aspx.cs  行号 28
</Stack_Trances>
<Content>
	<Message>
		PreDrawLottery: {"OpenID":"obbEAj1sXp06eR1GOrbb_VgIQ7yY"}
	</Message>
</Content>
</Log>

<Log>
<Date>2014-12-19 23:39:46 333</Date>
<Client_ID>0</Client_ID>
<User_ID>0</User_ID>
<Location>Yujian.WebService.Interface.Data.Page_Load</Location>
<Stack_Trances>
	  在类 Yujian.WebService.Interface.InterfaceHandler  方法 PreDrawLottery  位置 f:\WeiXin\WeiXin(3)\Yujian.WebService\Interface\InterfaceHandler.ashx.cs  行号 96
	  在类 Yujian.WebService.Interface.Data  方法 Page_Load  位置 f:\WeiXin\WeiXin(3)\Yujian.WebService\Interface\Data.aspx.cs  行号 28
</Stack_Trances>
<Content>
	<Message>
		PreDrawLottery: {"OpenID":"obbEAj1sXp06eR1GOrbb_VgIQ7yY"}
	</Message>
</Content>
</Log>

<Log>
<Date>2014-12-19 23:39:47 813</Date>
<Client_ID>0</Client_ID>
<User_ID>0</User_ID>
<Location>Yujian.WebService.Interface.Data.Page_Load</Location>
<Stack_Trances>
	  在类 Yujian.WebService.Interface.InterfaceHandler  方法 PreDrawLottery  位置 f:\WeiXin\WeiXin(3)\Yujian.WebService\Interface\InterfaceHandler.ashx.cs  行号 96
	  在类 Yujian.WebService.Interface.Data  方法 Page_Load  位置 f:\WeiXin\WeiXin(3)\Yujian.WebService\Interface\Data.aspx.cs  行号 28
</Stack_Trances>
<Content>
	<Message>
		PreDrawLottery: {"OpenID":"obbEAj1sXp06eR1GOrbb_VgIQ7yY"}
	</Message>
</Content>
</Log>

<Log>
<Date>2014-12-19 23:39:49 333</Date>
<Client_ID>0</Client_ID>
<User_ID>0</User_ID>
<Location>Yujian.WebService.Interface.Data.Page_Load</Location>
<Stack_Trances>
	  在类 Yujian.WebService.Interface.InterfaceHandler  方法 PreDrawLottery  位置 f:\WeiXin\WeiXin(3)\Yujian.WebService\Interface\InterfaceHandler.ashx.cs  行号 96
	  在类 Yujian.WebService.Interface.Data  方法 Page_Load  位置 f:\WeiXin\WeiXin(3)\Yujian.WebService\Interface\Data.aspx.cs  行号 28
</Stack_Trances>
<Content>
	<Message>
		PreDrawLottery: {"OpenID":"obbEAj1sXp06eR1GOrbb_VgIQ7yY"}
	</Message>
</Content>
</Log>

<Log>
<Date>2014-12-19 23:39:52 363</Date>
<Client_ID>0</Client_ID>
<User_ID>0</User_ID>
<Location>Yujian.WebService.Interface.Data.Page_Load</Location>
<Stack_Trances>
	  在类 Yujian.WebService.Interface.InterfaceHandler  方法 PreDrawLottery  位置 f:\WeiXin\WeiXin(3)\Yujian.WebService\Interface\InterfaceHandler.ashx.cs  行号 96
	  在类 Yujian.WebService.Interface.Data  方法 Page_Load  位置 f:\WeiXin\WeiXin(3)\Yujian.WebService\Interface\Data.aspx.cs  行号 28
</Stack_Trances>
<Content>
	<Message>
		PreDrawLottery: {"OpenID":"obbEAj1sXp06eR1GOrbb_VgIQ7yY"}
	</Message>
</Content>
</Log>

<Log>
<Date>2014-12-19 23:39:53 863</Date>
<Client_ID>0</Client_ID>
<User_ID>0</User_ID>
<Location>Yujian.WebService.Interface.Data.Page_Load</Location>
<Stack_Trances>
	  在类 Yujian.WebService.Interface.InterfaceHandler  方法 PreDrawLottery  位置 f:\WeiXin\WeiXin(3)\Yujian.WebService\Interface\InterfaceHandler.ashx.cs  行号 96
	  在类 Yujian.WebService.Interface.Data  方法 Page_Load  位置 f:\WeiXin\WeiXin(3)\Yujian.WebService\Interface\Data.aspx.cs  行号 28
</Stack_Trances>
<Content>
	<Message>
		PreDrawLottery: {"OpenID":"obbEAj1sXp06eR1GOrbb_VgIQ7yY"}
	</Message>
</Content>
</Log>

<Log>
<Date>2014-12-19 23:39:55 393</Date>
<Client_ID>0</Client_ID>
<User_ID>0</User_ID>
<Location>Yujian.WebService.Interface.Data.Page_Load</Location>
<Stack_Trances>
	  在类 Yujian.WebService.Interface.InterfaceHandler  方法 PreDrawLottery  位置 f:\WeiXin\WeiXin(3)\Yujian.WebService\Interface\InterfaceHandler.ashx.cs  行号 96
	  在类 Yujian.WebService.Interface.Data  方法 Page_Load  位置 f:\WeiXin\WeiXin(3)\Yujian.WebService\Interface\Data.aspx.cs  行号 28
</Stack_Trances>
<Content>
	<Message>
		PreDrawLottery: {"OpenID":"obbEAj1sXp06eR1GOrbb_VgIQ7yY"}
	</Message>
</Content>
</Log>

<Log>
<Date>2014-12-19 23:39:57 033</Date>
<Client_ID>0</Client_ID>
<User_ID>0</User_ID>
<Location>Yujian.WebService.Interface.Data.Page_Load</Location>
<Stack_Trances>
	  在类 Yujian.WebService.Interface.InterfaceHandler  方法 PreDrawLottery  位置 f:\WeiXin\WeiXin(3)\Yujian.WebService\Interface\InterfaceHandler.ashx.cs  行号 96
	  在类 Yujian.WebService.Interface.Data  方法 Page_Load  位置 f:\WeiXin\WeiXin(3)\Yujian.WebService\Interface\Data.aspx.cs  行号 28
</Stack_Trances>
<Content>
	<Message>
		PreDrawLottery: {"OpenID":"obbEAj1sXp06eR1GOrbb_VgIQ7yY"}
	</Message>
</Content>
</Log>

<Log>
<Date>2014-12-19 23:39:58 713</Date>
<Client_ID>0</Client_ID>
<User_ID>0</User_ID>
<Location>Yujian.WebService.Interface.Data.Page_Load</Location>
<Stack_Trances>
	  在类 Yujian.WebService.Interface.InterfaceHandler  方法 PreDrawLottery  位置 f:\WeiXin\WeiXin(3)\Yujian.WebService\Interface\InterfaceHandler.ashx.cs  行号 96
	  在类 Yujian.WebService.Interface.Data  方法 Page_Load  位置 f:\WeiXin\WeiXin(3)\Yujian.WebService\Interface\Data.aspx.cs  行号 28
</Stack_Trances>
<Content>
	<Message>
		PreDrawLottery: {"OpenID":"obbEAj1sXp06eR1GOrbb_VgIQ7yY"}
	</Message>
</Content>
</Log>

<Log>
<Date>2014-12-19 23:40:01 463</Date>
<Client_ID>0</Client_ID>
<User_ID>0</User_ID>
<Location>Yujian.WebService.Interface.Data.Page_Load</Location>
<Stack_Trances>
	  在类 Yujian.WebService.Interface.InterfaceHandler  方法 PreDrawLottery  位置 f:\WeiXin\WeiXin(3)\Yujian.WebService\Interface\InterfaceHandler.ashx.cs  行号 96
	  在类 Yujian.WebService.Interface.Data  方法 Page_Load  位置 f:\WeiXin\WeiXin(3)\Yujian.WebService\Interface\Data.aspx.cs  行号 28
</Stack_Trances>
<Content>
	<Message>
		PreDrawLottery: {"OpenID":"obbEAj1sXp06eR1GOrbb_VgIQ7yY"}
	</Message>
</Content>
</Log>

<Log>
<Date>2014-12-19 23:40:03 163</Date>
<Client_ID>0</Client_ID>
<User_ID>0</User_ID>
<Location>Yujian.WebService.Interface.Data.Page_Load</Location>
<Stack_Trances>
	  在类 Yujian.WebService.Interface.InterfaceHandler  方法 PreDrawLottery  位置 f:\WeiXin\WeiXin(3)\Yujian.WebService\Interface\InterfaceHandler.ashx.cs  行号 96
	  在类 Yujian.WebService.Interface.Data  方法 Page_Load  位置 f:\WeiXin\WeiXin(3)\Yujian.WebService\Interface\Data.aspx.cs  行号 28
</Stack_Trances>
<Content>
	<Message>
		PreDrawLottery: {"OpenID":"obbEAj1sXp06eR1GOrbb_VgIQ7yY"}
	</Message>
</Content>
</Log>

<Log>
<Date>2014-12-19 23:40:04 573</Date>
<Client_ID>0</Client_ID>
<User_ID>0</User_ID>
<Location>Yujian.WebService.Interface.Data.Page_Load</Location>
<Stack_Trances>
	  在类 Yujian.WebService.Interface.InterfaceHandler  方法 PreDrawLottery  位置 f:\WeiXin\WeiXin(3)\Yujian.WebService\Interface\InterfaceHandler.ashx.cs  行号 96
	  在类 Yujian.WebService.Interface.Data  方法 Page_Load  位置 f:\WeiXin\WeiXin(3)\Yujian.WebService\Interface\Data.aspx.cs  行号 28
</Stack_Trances>
<Content>
	<Message>
		PreDrawLottery: {"OpenID":"obbEAj1sXp06eR1GOrbb_VgIQ7yY"}
	</Message>
</Content>
</Log>

<Log>
<Date>2014-12-19 23:40:05 953</Date>
<Client_ID>0</Client_ID>
<User_ID>0</User_ID>
<Location>Yujian.WebService.Interface.Data.Page_Load</Location>
<Stack_Trances>
	  在类 Yujian.WebService.Interface.InterfaceHandler  方法 PreDrawLottery  位置 f:\WeiXin\WeiXin(3)\Yujian.WebService\Interface\InterfaceHandler.ashx.cs  行号 96
	  在类 Yujian.WebService.Interface.Data  方法 Page_Load  位置 f:\WeiXin\WeiXin(3)\Yujian.WebService\Interface\Data.aspx.cs  行号 28
</Stack_Trances>
<Content>
	<Message>
		PreDrawLottery: {"OpenID":"obbEAj1sXp06eR1GOrbb_VgIQ7yY"}
	</Message>
</Content>
</Log>

<Log>
<Date>2014-12-19 23:40:07 443</Date>
<Client_ID>0</Client_ID>
<User_ID>0</User_ID>
<Location>Yujian.WebService.Interface.Data.Page_Load</Location>
<Stack_Trances>
	  在类 Yujian.WebService.Interface.InterfaceHandler  方法 PreDrawLottery  位置 f:\WeiXin\WeiXin(3)\Yujian.WebService\Interface\InterfaceHandler.ashx.cs  行号 96
	  在类 Yujian.WebService.Interface.Data  方法 Page_Load  位置 f:\WeiXin\WeiXin(3)\Yujian.WebService\Interface\Data.aspx.cs  行号 28
</Stack_Trances>
<Content>
	<Message>
		PreDrawLottery: {"OpenID":"obbEAj1sXp06eR1GOrbb_VgIQ7yY"}
	</Message>
</Content>
</Log>

<Log>
<Date>2014-12-19 23:40:08 923</Date>
<Client_ID>0</Client_ID>
<User_ID>0</User_ID>
<Location>Yujian.WebService.Interface.Data.Page_Load</Location>
<Stack_Trances>
	  在类 Yujian.WebService.Interface.InterfaceHandler  方法 PreDrawLottery  位置 f:\WeiXin\WeiXin(3)\Yujian.WebService\Interface\InterfaceHandler.ashx.cs  行号 96
	  在类 Yujian.WebService.Interface.Data  方法 Page_Load  位置 f:\WeiXin\WeiXin(3)\Yujian.WebService\Interface\Data.aspx.cs  行号 28
</Stack_Trances>
<Content>
	<Message>
		PreDrawLottery: {"OpenID":"obbEAj1sXp06eR1GOrbb_VgIQ7yY"}
	</Message>
</Content>
</Log>

<Log>
<Date>2014-12-19 23:40:33 143</Date>
<Client_ID>0</Client_ID>
<User_ID>0</User_ID>
<Location>Yujian.WebService.Interface.Data.Page_Load</Location>
<Stack_Trances>
	  在类 Yujian.WebService.Interface.InterfaceHandler  方法 PreDrawLottery  位置 f:\WeiXin\WeiXin(3)\Yujian.WebService\Interface\InterfaceHandler.ashx.cs  行号 96
	  在类 Yujian.WebService.Interface.Data  方法 Page_Load  位置 f:\WeiXin\WeiXin(3)\Yujian.WebService\Interface\Data.aspx.cs  行号 28
</Stack_Trances>
<Content>
	<Message>
		PreDrawLottery: {"OpenID":"obbEAj1sXp06eR1GOrbb_VgIQ7yY"}
	</Message>
</Content>
</Log>

<Log>
<Date>2014-12-19 23:40:35 823</Date>
<Client_ID>0</Client_ID>
<User_ID>0</User_ID>
<Location>Yujian.WebService.Interface.Data.Page_Load</Location>
<Stack_Trances>
	  在类 Yujian.WebService.Interface.InterfaceHandler  方法 PreDrawLottery  位置 f:\WeiXin\WeiXin(3)\Yujian.WebService\Interface\InterfaceHandler.ashx.cs  行号 96
	  在类 Yujian.WebService.Interface.Data  方法 Page_Load  位置 f:\WeiXin\WeiXin(3)\Yujian.WebService\Interface\Data.aspx.cs  行号 28
</Stack_Trances>
<Content>
	<Message>
		PreDrawLottery: {"OpenID":"obbEAj1sXp06eR1GOrbb_VgIQ7yY"}
	</Message>
</Content>
</Log>

<Log>
<Date>2014-12-19 23:40:36 633</Date>
<Client_ID>0</Client_ID>
<User_ID>0</User_ID>
<Location>Yujian.WebService.Interface.Data.Page_Load</Location>
<Stack_Trances>
	  在类 Yujian.WebService.Interface.InterfaceHandler  方法 PreDrawLottery  位置 f:\WeiXin\WeiXin(3)\Yujian.WebService\Interface\InterfaceHandler.ashx.cs  行号 96
	  在类 Yujian.WebService.Interface.Data  方法 Page_Load  位置 f:\WeiXin\WeiXin(3)\Yujian.WebService\Interface\Data.aspx.cs  行号 28
</Stack_Trances>
<Content>
	<Message>
		PreDrawLottery: {"OpenID":"obbEAj1sXp06eR1GOrbb_VgIQ7yY"}
	</Message>
</Content>
</Log>

<Log>
<Date>2014-12-19 23:40:37 523</Date>
<Client_ID>0</Client_ID>
<User_ID>0</User_ID>
<Location>Yujian.WebService.Interface.Data.Page_Load</Location>
<Stack_Trances>
	  在类 Yujian.WebService.Interface.InterfaceHandler  方法 PreDrawLottery  位置 f:\WeiXin\WeiXin(3)\Yujian.WebService\Interface\InterfaceHandler.ashx.cs  行号 96
	  在类 Yujian.WebService.Interface.Data  方法 Page_Load  位置 f:\WeiXin\WeiXin(3)\Yujian.WebService\Interface\Data.aspx.cs  行号 28
</Stack_Trances>
<Content>
	<Message>
		PreDrawLottery: {"OpenID":"obbEAj1sXp06eR1GOrbb_VgIQ7yY"}
	</Message>
</Content>
</Log>

<Log>
<Date>2014-12-19 23:40:38 603</Date>
<Client_ID>0</Client_ID>
<User_ID>0</User_ID>
<Location>Yujian.WebService.Interface.Data.Page_Load</Location>
<Stack_Trances>
	  在类 Yujian.WebService.Interface.InterfaceHandler  方法 PreDrawLottery  位置 f:\WeiXin\WeiXin(3)\Yujian.WebService\Interface\InterfaceHandler.ashx.cs  行号 96
	  在类 Yujian.WebService.Interface.Data  方法 Page_Load  位置 f:\WeiXin\WeiXin(3)\Yujian.WebService\Interface\Data.aspx.cs  行号 28
</Stack_Trances>
<Content>
	<Message>
		PreDrawLottery: {"OpenID":"obbEAj1sXp06eR1GOrbb_VgIQ7yY"}
	</Message>
</Content>
</Log>

<Log>
<Date>2014-12-19 23:40:39 383</Date>
<Client_ID>0</Client_ID>
<User_ID>0</User_ID>
<Location>Yujian.WebService.Interface.Data.Page_Load</Location>
<Stack_Trances>
	  在类 Yujian.WebService.Interface.InterfaceHandler  方法 PreDrawLottery  位置 f:\WeiXin\WeiXin(3)\Yujian.WebService\Interface\InterfaceHandler.ashx.cs  行号 96
	  在类 Yujian.WebService.Interface.Data  方法 Page_Load  位置 f:\WeiXin\WeiXin(3)\Yujian.WebService\Interface\Data.aspx.cs  行号 28
</Stack_Trances>
<Content>
	<Message>
		PreDrawLottery: {"OpenID":"obbEAj1sXp06eR1GOrbb_VgIQ7yY"}
	</Message>
</Content>
</Log>

<Log>
<Date>2014-12-19 23:40:40 383</Date>
<Client_ID>0</Client_ID>
<User_ID>0</User_ID>
<Location>Yujian.WebService.Interface.Data.Page_Load</Location>
<Stack_Trances>
	  在类 Yujian.WebService.Interface.InterfaceHandler  方法 PreDrawLottery  位置 f:\WeiXin\WeiXin(3)\Yujian.WebService\Interface\InterfaceHandler.ashx.cs  行号 96
	  在类 Yujian.WebService.Interface.Data  方法 Page_Load  位置 f:\WeiXin\WeiXin(3)\Yujian.WebService\Interface\Data.aspx.cs  行号 28
</Stack_Trances>
<Content>
	<Message>
		PreDrawLottery: {"OpenID":"obbEAj1sXp06eR1GOrbb_VgIQ7yY"}
	</Message>
</Content>
</Log>

<Log>
<Date>2014-12-19 23:40:41 323</Date>
<Client_ID>0</Client_ID>
<User_ID>0</User_ID>
<Location>Yujian.WebService.Interface.Data.Page_Load</Location>
<Stack_Trances>
	  在类 Yujian.WebService.Interface.InterfaceHandler  方法 PreDrawLottery  位置 f:\WeiXin\WeiXin(3)\Yujian.WebService\Interface\InterfaceHandler.ashx.cs  行号 96
	  在类 Yujian.WebService.Interface.Data  方法 Page_Load  位置 f:\WeiXin\WeiXin(3)\Yujian.WebService\Interface\Data.aspx.cs  行号 28
</Stack_Trances>
<Content>
	<Message>
		PreDrawLottery: {"OpenID":"obbEAj1sXp06eR1GOrbb_VgIQ7yY"}
	</Message>
</Content>
</Log>

<Log>
<Date>2014-12-19 23:40:42 193</Date>
<Client_ID>0</Client_ID>
<User_ID>0</User_ID>
<Location>Yujian.WebService.Interface.Data.Page_Load</Location>
<Stack_Trances>
	  在类 Yujian.WebService.Interface.InterfaceHandler  方法 PreDrawLottery  位置 f:\WeiXin\WeiXin(3)\Yujian.WebService\Interface\InterfaceHandler.ashx.cs  行号 96
	  在类 Yujian.WebService.Interface.Data  方法 Page_Load  位置 f:\WeiXin\WeiXin(3)\Yujian.WebService\Interface\Data.aspx.cs  行号 28
</Stack_Trances>
<Content>
	<Message>
		PreDrawLottery: {"OpenID":"obbEAj1sXp06eR1GOrbb_VgIQ7yY"}
	</Message>
</Content>
</Log>

<Log>
<Date>2014-12-19 23:40:43 453</Date>
<Client_ID>0</Client_ID>
<User_ID>0</User_ID>
<Location>Yujian.WebService.Interface.Data.Page_Load</Location>
<Stack_Trances>
	  在类 Yujian.WebService.Interface.InterfaceHandler  方法 PreDrawLottery  位置 f:\WeiXin\WeiXin(3)\Yujian.WebService\Interface\InterfaceHandler.ashx.cs  行号 96
	  在类 Yujian.WebService.Interface.Data  方法 Page_Load  位置 f:\WeiXin\WeiXin(3)\Yujian.WebService\Interface\Data.aspx.cs  行号 28
</Stack_Trances>
<Content>
	<Message>
		PreDrawLottery: {"OpenID":"obbEAj1sXp06eR1GOrbb_VgIQ7yY"}
	</Message>
</Content>
</Log>

<Log>
<Date>2014-12-19 23:40:44 693</Date>
<Client_ID>0</Client_ID>
<User_ID>0</User_ID>
<Location>Yujian.WebService.Interface.Data.Page_Load</Location>
<Stack_Trances>
	  在类 Yujian.WebService.Interface.InterfaceHandler  方法 PreDrawLottery  位置 f:\WeiXin\WeiXin(3)\Yujian.WebService\Interface\InterfaceHandler.ashx.cs  行号 96
	  在类 Yujian.WebService.Interface.Data  方法 Page_Load  位置 f:\WeiXin\WeiXin(3)\Yujian.WebService\Interface\Data.aspx.cs  行号 28
</Stack_Trances>
<Content>
	<Message>
		PreDrawLottery: {"OpenID":"obbEAj1sXp06eR1GOrbb_VgIQ7yY"}
	</Message>
</Content>
</Log>

<Log>
<Date>2014-12-19 23:40:45 823</Date>
<Client_ID>0</Client_ID>
<User_ID>0</User_ID>
<Location>Yujian.WebService.Interface.Data.Page_Load</Location>
<Stack_Trances>
	  在类 Yujian.WebService.Interface.InterfaceHandler  方法 PreDrawLottery  位置 f:\WeiXin\WeiXin(3)\Yujian.WebService\Interface\InterfaceHandler.ashx.cs  行号 96
	  在类 Yujian.WebService.Interface.Data  方法 Page_Load  位置 f:\WeiXin\WeiXin(3)\Yujian.WebService\Interface\Data.aspx.cs  行号 28
</Stack_Trances>
<Content>
	<Message>
		PreDrawLottery: {"OpenID":"obbEAj1sXp06eR1GOrbb_VgIQ7yY"}
	</Message>
</Content>
</Log>

<Log>
<Date>2014-12-19 23:40:47 013</Date>
<Client_ID>0</Client_ID>
<User_ID>0</User_ID>
<Location>Yujian.WebService.Interface.Data.Page_Load</Location>
<Stack_Trances>
	  在类 Yujian.WebService.Interface.InterfaceHandler  方法 PreDrawLottery  位置 f:\WeiXin\WeiXin(3)\Yujian.WebService\Interface\InterfaceHandler.ashx.cs  行号 96
	  在类 Yujian.WebService.Interface.Data  方法 Page_Load  位置 f:\WeiXin\WeiXin(3)\Yujian.WebService\Interface\Data.aspx.cs  行号 28
</Stack_Trances>
<Content>
	<Message>
		PreDrawLottery: {"OpenID":"obbEAj1sXp06eR1GOrbb_VgIQ7yY"}
	</Message>
</Content>
</Log>

<Log>
<Date>2014-12-19 23:40:48 083</Date>
<Client_ID>0</Client_ID>
<User_ID>0</User_ID>
<Location>Yujian.WebService.Interface.Data.Page_Load</Location>
<Stack_Trances>
	  在类 Yujian.WebService.Interface.InterfaceHandler  方法 PreDrawLottery  位置 f:\WeiXin\WeiXin(3)\Yujian.WebService\Interface\InterfaceHandler.ashx.cs  行号 96
	  在类 Yujian.WebService.Interface.Data  方法 Page_Load  位置 f:\WeiXin\WeiXin(3)\Yujian.WebService\Interface\Data.aspx.cs  行号 28
</Stack_Trances>
<Content>
	<Message>
		PreDrawLottery: {"OpenID":"obbEAj1sXp06eR1GOrbb_VgIQ7yY"}
	</Message>
</Content>
</Log>

<Log>
<Date>2014-12-19 23:40:49 323</Date>
<Client_ID>0</Client_ID>
<User_ID>0</User_ID>
<Location>Yujian.WebService.Interface.Data.Page_Load</Location>
<Stack_Trances>
	  在类 Yujian.WebService.Interface.InterfaceHandler  方法 PreDrawLottery  位置 f:\WeiXin\WeiXin(3)\Yujian.WebService\Interface\InterfaceHandler.ashx.cs  行号 96
	  在类 Yujian.WebService.Interface.Data  方法 Page_Load  位置 f:\WeiXin\WeiXin(3)\Yujian.WebService\Interface\Data.aspx.cs  行号 28
</Stack_Trances>
<Content>
	<Message>
		PreDrawLottery: {"OpenID":"obbEAj1sXp06eR1GOrbb_VgIQ7yY"}
	</Message>
</Content>
</Log>

<Log>
<Date>2014-12-19 23:40:50 433</Date>
<Client_ID>0</Client_ID>
<User_ID>0</User_ID>
<Location>Yujian.WebService.Interface.Data.Page_Load</Location>
<Stack_Trances>
	  在类 Yujian.WebService.Interface.InterfaceHandler  方法 PreDrawLottery  位置 f:\WeiXin\WeiXin(3)\Yujian.WebService\Interface\InterfaceHandler.ashx.cs  行号 96
	  在类 Yujian.WebService.Interface.Data  方法 Page_Load  位置 f:\WeiXin\WeiXin(3)\Yujian.WebService\Interface\Data.aspx.cs  行号 28
</Stack_Trances>
<Content>
	<Message>
		PreDrawLottery: {"OpenID":"obbEAj1sXp06eR1GOrbb_VgIQ7yY"}
	</Message>
</Content>
</Log>

<Log>
<Date>2014-12-19 23:40:51 573</Date>
<Client_ID>0</Client_ID>
<User_ID>0</User_ID>
<Location>Yujian.WebService.Interface.Data.Page_Load</Location>
<Stack_Trances>
	  在类 Yujian.WebService.Interface.InterfaceHandler  方法 PreDrawLottery  位置 f:\WeiXin\WeiXin(3)\Yujian.WebService\Interface\InterfaceHandler.ashx.cs  行号 96
	  在类 Yujian.WebService.Interface.Data  方法 Page_Load  位置 f:\WeiXin\WeiXin(3)\Yujian.WebService\Interface\Data.aspx.cs  行号 28
</Stack_Trances>
<Content>
	<Message>
		PreDrawLottery: {"OpenID":"obbEAj1sXp06eR1GOrbb_VgIQ7yY"}
	</Message>
</Content>
</Log>

<Log>
<Date>2014-12-19 23:40:52 563</Date>
<Client_ID>0</Client_ID>
<User_ID>0</User_ID>
<Location>Yujian.WebService.Interface.Data.Page_Load</Location>
<Stack_Trances>
	  在类 Yujian.WebService.Interface.InterfaceHandler  方法 PreDrawLottery  位置 f:\WeiXin\WeiXin(3)\Yujian.WebService\Interface\InterfaceHandler.ashx.cs  行号 96
	  在类 Yujian.WebService.Interface.Data  方法 Page_Load  位置 f:\WeiXin\WeiXin(3)\Yujian.WebService\Interface\Data.aspx.cs  行号 28
</Stack_Trances>
<Content>
	<Message>
		PreDrawLottery: {"OpenID":"obbEAj1sXp06eR1GOrbb_VgIQ7yY"}
	</Message>
</Content>
</Log>

<Log>
<Date>2014-12-19 23:40:53 743</Date>
<Client_ID>0</Client_ID>
<User_ID>0</User_ID>
<Location>Yujian.WebService.Interface.Data.Page_Load</Location>
<Stack_Trances>
	  在类 Yujian.WebService.Interface.InterfaceHandler  方法 PreDrawLottery  位置 f:\WeiXin\WeiXin(3)\Yujian.WebService\Interface\InterfaceHandler.ashx.cs  行号 96
	  在类 Yujian.WebService.Interface.Data  方法 Page_Load  位置 f:\WeiXin\WeiXin(3)\Yujian.WebService\Interface\Data.aspx.cs  行号 28
</Stack_Trances>
<Content>
	<Message>
		PreDrawLottery: {"OpenID":"obbEAj1sXp06eR1GOrbb_VgIQ7yY"}
	</Message>
</Content>
</Log>

<Log>
<Date>2014-12-19 23:40:54 983</Date>
<Client_ID>0</Client_ID>
<User_ID>0</User_ID>
<Location>Yujian.WebService.Interface.Data.Page_Load</Location>
<Stack_Trances>
	  在类 Yujian.WebService.Interface.InterfaceHandler  方法 PreDrawLottery  位置 f:\WeiXin\WeiXin(3)\Yujian.WebService\Interface\InterfaceHandler.ashx.cs  行号 96
	  在类 Yujian.WebService.Interface.Data  方法 Page_Load  位置 f:\WeiXin\WeiXin(3)\Yujian.WebService\Interface\Data.aspx.cs  行号 28
</Stack_Trances>
<Content>
	<Message>
		PreDrawLottery: {"OpenID":"obbEAj1sXp06eR1GOrbb_VgIQ7yY"}
	</Message>
</Content>
</Log>

<Log>
<Date>2014-12-19 23:40:56 093</Date>
<Client_ID>0</Client_ID>
<User_ID>0</User_ID>
<Location>Yujian.WebService.Interface.Data.Page_Load</Location>
<Stack_Trances>
	  在类 Yujian.WebService.Interface.InterfaceHandler  方法 PreDrawLottery  位置 f:\WeiXin\WeiXin(3)\Yujian.WebService\Interface\InterfaceHandler.ashx.cs  行号 96
	  在类 Yujian.WebService.Interface.Data  方法 Page_Load  位置 f:\WeiXin\WeiXin(3)\Yujian.WebService\Interface\Data.aspx.cs  行号 28
</Stack_Trances>
<Content>
	<Message>
		PreDrawLottery: {"OpenID":"obbEAj1sXp06eR1GOrbb_VgIQ7yY"}
	</Message>
</Content>
</Log>

<Log>
<Date>2014-12-19 23:40:57 183</Date>
<Client_ID>0</Client_ID>
<User_ID>0</User_ID>
<Location>Yujian.WebService.Interface.Data.Page_Load</Location>
<Stack_Trances>
	  在类 Yujian.WebService.Interface.InterfaceHandler  方法 PreDrawLottery  位置 f:\WeiXin\WeiXin(3)\Yujian.WebService\Interface\InterfaceHandler.ashx.cs  行号 96
	  在类 Yujian.WebService.Interface.Data  方法 Page_Load  位置 f:\WeiXin\WeiXin(3)\Yujian.WebService\Interface\Data.aspx.cs  行号 28
</Stack_Trances>
<Content>
	<Message>
		PreDrawLottery: {"OpenID":"obbEAj1sXp06eR1GOrbb_VgIQ7yY"}
	</Message>
</Content>
</Log>

<Log>
<Date>2014-12-19 23:40:58 593</Date>
<Client_ID>0</Client_ID>
<User_ID>0</User_ID>
<Location>Yujian.WebService.Interface.Data.Page_Load</Location>
<Stack_Trances>
	  在类 Yujian.WebService.Interface.InterfaceHandler  方法 PreDrawLottery  位置 f:\WeiXin\WeiXin(3)\Yujian.WebService\Interface\InterfaceHandler.ashx.cs  行号 96
	  在类 Yujian.WebService.Interface.Data  方法 Page_Load  位置 f:\WeiXin\WeiXin(3)\Yujian.WebService\Interface\Data.aspx.cs  行号 28
</Stack_Trances>
<Content>
	<Message>
		PreDrawLottery: {"OpenID":"obbEAj1sXp06eR1GOrbb_VgIQ7yY"}
	</Message>
</Content>
</Log>

<Log>
<Date>2014-12-19 23:40:59 633</Date>
<Client_ID>0</Client_ID>
<User_ID>0</User_ID>
<Location>Yujian.WebService.Interface.Data.Page_Load</Location>
<Stack_Trances>
	  在类 Yujian.WebService.Interface.InterfaceHandler  方法 PreDrawLottery  位置 f:\WeiXin\WeiXin(3)\Yujian.WebService\Interface\InterfaceHandler.ashx.cs  行号 96
	  在类 Yujian.WebService.Interface.Data  方法 Page_Load  位置 f:\WeiXin\WeiXin(3)\Yujian.WebService\Interface\Data.aspx.cs  行号 28
</Stack_Trances>
<Content>
	<Message>
		PreDrawLottery: {"OpenID":"obbEAj1sXp06eR1GOrbb_VgIQ7yY"}
	</Message>
</Content>
</Log>

<Log>
<Date>2014-12-19 23:41:01 233</Date>
<Client_ID>0</Client_ID>
<User_ID>0</User_ID>
<Location>Yujian.WebService.Interface.Data.Page_Load</Location>
<Stack_Trances>
	  在类 Yujian.WebService.Interface.InterfaceHandler  方法 PreDrawLottery  位置 f:\WeiXin\WeiXin(3)\Yujian.WebService\Interface\InterfaceHandler.ashx.cs  行号 96
	  在类 Yujian.WebService.Interface.Data  方法 Page_Load  位置 f:\WeiXin\WeiXin(3)\Yujian.WebService\Interface\Data.aspx.cs  行号 28
</Stack_Trances>
<Content>
	<Message>
		PreDrawLottery: {"OpenID":"obbEAj1sXp06eR1GOrbb_VgIQ7yY"}
	</Message>
</Content>
</Log>

<Log>
<Date>2014-12-19 23:41:02 353</Date>
<Client_ID>0</Client_ID>
<User_ID>0</User_ID>
<Location>Yujian.WebService.Interface.Data.Page_Load</Location>
<Stack_Trances>
	  在类 Yujian.WebService.Interface.InterfaceHandler  方法 PreDrawLottery  位置 f:\WeiXin\WeiXin(3)\Yujian.WebService\Interface\InterfaceHandler.ashx.cs  行号 96
	  在类 Yujian.WebService.Interface.Data  方法 Page_Load  位置 f:\WeiXin\WeiXin(3)\Yujian.WebService\Interface\Data.aspx.cs  行号 28
</Stack_Trances>
<Content>
	<Message>
		PreDrawLottery: {"OpenID":"obbEAj1sXp06eR1GOrbb_VgIQ7yY"}
	</Message>
</Content>
</Log>

<Log>
<Date>2014-12-19 23:41:03 303</Date>
<Client_ID>0</Client_ID>
<User_ID>0</User_ID>
<Location>Yujian.WebService.Interface.Data.Page_Load</Location>
<Stack_Trances>
	  在类 Yujian.WebService.Interface.InterfaceHandler  方法 PreDrawLottery  位置 f:\WeiXin\WeiXin(3)\Yujian.WebService\Interface\InterfaceHandler.ashx.cs  行号 96
	  在类 Yujian.WebService.Interface.Data  方法 Page_Load  位置 f:\WeiXin\WeiXin(3)\Yujian.WebService\Interface\Data.aspx.cs  行号 28
</Stack_Trances>
<Content>
	<Message>
		PreDrawLottery: {"OpenID":"obbEAj1sXp06eR1GOrbb_VgIQ7yY"}
	</Message>
</Content>
</Log>

<Log>
<Date>2014-12-19 23:41:04 153</Date>
<Client_ID>0</Client_ID>
<User_ID>0</User_ID>
<Location>Yujian.WebService.Interface.Data.Page_Load</Location>
<Stack_Trances>
	  在类 Yujian.WebService.Interface.InterfaceHandler  方法 PreDrawLottery  位置 f:\WeiXin\WeiXin(3)\Yujian.WebService\Interface\InterfaceHandler.ashx.cs  行号 96
	  在类 Yujian.WebService.Interface.Data  方法 Page_Load  位置 f:\WeiXin\WeiXin(3)\Yujian.WebService\Interface\Data.aspx.cs  行号 28
</Stack_Trances>
<Content>
	<Message>
		PreDrawLottery: {"OpenID":"obbEAj1sXp06eR1GOrbb_VgIQ7yY"}
	</Message>
</Content>
</Log>

<Log>
<Date>2014-12-19 23:41:05 043</Date>
<Client_ID>0</Client_ID>
<User_ID>0</User_ID>
<Location>Yujian.WebService.Interface.Data.Page_Load</Location>
<Stack_Trances>
	  在类 Yujian.WebService.Interface.InterfaceHandler  方法 PreDrawLottery  位置 f:\WeiXin\WeiXin(3)\Yujian.WebService\Interface\InterfaceHandler.ashx.cs  行号 96
	  在类 Yujian.WebService.Interface.Data  方法 Page_Load  位置 f:\WeiXin\WeiXin(3)\Yujian.WebService\Interface\Data.aspx.cs  行号 28
</Stack_Trances>
<Content>
	<Message>
		PreDrawLottery: {"OpenID":"obbEAj1sXp06eR1GOrbb_VgIQ7yY"}
	</Message>
</Content>
</Log>

<Log>
<Date>2014-12-19 23:41:05 983</Date>
<Client_ID>0</Client_ID>
<User_ID>0</User_ID>
<Location>Yujian.WebService.Interface.Data.Page_Load</Location>
<Stack_Trances>
	  在类 Yujian.WebService.Interface.InterfaceHandler  方法 PreDrawLottery  位置 f:\WeiXin\WeiXin(3)\Yujian.WebService\Interface\InterfaceHandler.ashx.cs  行号 96
	  在类 Yujian.WebService.Interface.Data  方法 Page_Load  位置 f:\WeiXin\WeiXin(3)\Yujian.WebService\Interface\Data.aspx.cs  行号 28
</Stack_Trances>
<Content>
	<Message>
		PreDrawLottery: {"OpenID":"obbEAj1sXp06eR1GOrbb_VgIQ7yY"}
	</Message>
</Content>
</Log>

<Log>
<Date>2014-12-19 23:41:06 883</Date>
<Client_ID>0</Client_ID>
<User_ID>0</User_ID>
<Location>Yujian.WebService.Interface.Data.Page_Load</Location>
<Stack_Trances>
	  在类 Yujian.WebService.Interface.InterfaceHandler  方法 PreDrawLottery  位置 f:\WeiXin\WeiXin(3)\Yujian.WebService\Interface\InterfaceHandler.ashx.cs  行号 96
	  在类 Yujian.WebService.Interface.Data  方法 Page_Load  位置 f:\WeiXin\WeiXin(3)\Yujian.WebService\Interface\Data.aspx.cs  行号 28
</Stack_Trances>
<Content>
	<Message>
		PreDrawLottery: {"OpenID":"obbEAj1sXp06eR1GOrbb_VgIQ7yY"}
	</Message>
</Content>
</Log>

<Log>
<Date>2014-12-19 23:41:07 923</Date>
<Client_ID>0</Client_ID>
<User_ID>0</User_ID>
<Location>Yujian.WebService.Interface.Data.Page_Load</Location>
<Stack_Trances>
	  在类 Yujian.WebService.Interface.InterfaceHandler  方法 PreDrawLottery  位置 f:\WeiXin\WeiXin(3)\Yujian.WebService\Interface\InterfaceHandler.ashx.cs  行号 96
	  在类 Yujian.WebService.Interface.Data  方法 Page_Load  位置 f:\WeiXin\WeiXin(3)\Yujian.WebService\Interface\Data.aspx.cs  行号 28
</Stack_Trances>
<Content>
	<Message>
		PreDrawLottery: {"OpenID":"obbEAj1sXp06eR1GOrbb_VgIQ7yY"}
	</Message>
</Content>
</Log>

<Log>
<Date>2014-12-19 23:41:08 913</Date>
<Client_ID>0</Client_ID>
<User_ID>0</User_ID>
<Location>Yujian.WebService.Interface.Data.Page_Load</Location>
<Stack_Trances>
	  在类 Yujian.WebService.Interface.InterfaceHandler  方法 PreDrawLottery  位置 f:\WeiXin\WeiXin(3)\Yujian.WebService\Interface\InterfaceHandler.ashx.cs  行号 96
	  在类 Yujian.WebService.Interface.Data  方法 Page_Load  位置 f:\WeiXin\WeiXin(3)\Yujian.WebService\Interface\Data.aspx.cs  行号 28
</Stack_Trances>
<Content>
	<Message>
		PreDrawLottery: {"OpenID":"obbEAj1sXp06eR1GOrbb_VgIQ7yY"}
	</Message>
</Content>
</Log>

<Log>
<Date>2014-12-19 23:41:09 993</Date>
<Client_ID>0</Client_ID>
<User_ID>0</User_ID>
<Location>Yujian.WebService.Interface.Data.Page_Load</Location>
<Stack_Trances>
	  在类 Yujian.WebService.Interface.InterfaceHandler  方法 PreDrawLottery  位置 f:\WeiXin\WeiXin(3)\Yujian.WebService\Interface\InterfaceHandler.ashx.cs  行号 96
	  在类 Yujian.WebService.Interface.Data  方法 Page_Load  位置 f:\WeiXin\WeiXin(3)\Yujian.WebService\Interface\Data.aspx.cs  行号 28
</Stack_Trances>
<Content>
	<Message>
		PreDrawLottery: {"OpenID":"obbEAj1sXp06eR1GOrbb_VgIQ7yY"}
	</Message>
</Content>
</Log>

<Log>
<Date>2014-12-19 23:41:11 073</Date>
<Client_ID>0</Client_ID>
<User_ID>0</User_ID>
<Location>Yujian.WebService.Interface.Data.Page_Load</Location>
<Stack_Trances>
	  在类 Yujian.WebService.Interface.InterfaceHandler  方法 PreDrawLottery  位置 f:\WeiXin\WeiXin(3)\Yujian.WebService\Interface\InterfaceHandler.ashx.cs  行号 96
	  在类 Yujian.WebService.Interface.Data  方法 Page_Load  位置 f:\WeiXin\WeiXin(3)\Yujian.WebService\Interface\Data.aspx.cs  行号 28
</Stack_Trances>
<Content>
	<Message>
		PreDrawLottery: {"OpenID":"obbEAj1sXp06eR1GOrbb_VgIQ7yY"}
	</Message>
</Content>
</Log>

<Log>
<Date>2014-12-19 23:41:12 143</Date>
<Client_ID>0</Client_ID>
<User_ID>0</User_ID>
<Location>Yujian.WebService.Interface.Data.Page_Load</Location>
<Stack_Trances>
	  在类 Yujian.WebService.Interface.InterfaceHandler  方法 PreDrawLottery  位置 f:\WeiXin\WeiXin(3)\Yujian.WebService\Interface\InterfaceHandler.ashx.cs  行号 96
	  在类 Yujian.WebService.Interface.Data  方法 Page_Load  位置 f:\WeiXin\WeiXin(3)\Yujian.WebService\Interface\Data.aspx.cs  行号 28
</Stack_Trances>
<Content>
	<Message>
		PreDrawLottery: {"OpenID":"obbEAj1sXp06eR1GOrbb_VgIQ7yY"}
	</Message>
</Content>
</Log>

<Log>
<Date>2014-12-19 23:41:13 103</Date>
<Client_ID>0</Client_ID>
<User_ID>0</User_ID>
<Location>Yujian.WebService.Interface.Data.Page_Load</Location>
<Stack_Trances>
	  在类 Yujian.WebService.Interface.InterfaceHandler  方法 PreDrawLottery  位置 f:\WeiXin\WeiXin(3)\Yujian.WebService\Interface\InterfaceHandler.ashx.cs  行号 96
	  在类 Yujian.WebService.Interface.Data  方法 Page_Load  位置 f:\WeiXin\WeiXin(3)\Yujian.WebService\Interface\Data.aspx.cs  行号 28
</Stack_Trances>
<Content>
	<Message>
		PreDrawLottery: {"OpenID":"obbEAj1sXp06eR1GOrbb_VgIQ7yY"}
	</Message>
</Content>
</Log>

<Log>
<Date>2014-12-19 23:41:14 233</Date>
<Client_ID>0</Client_ID>
<User_ID>0</User_ID>
<Location>Yujian.WebService.Interface.Data.Page_Load</Location>
<Stack_Trances>
	  在类 Yujian.WebService.Interface.InterfaceHandler  方法 PreDrawLottery  位置 f:\WeiXin\WeiXin(3)\Yujian.WebService\Interface\InterfaceHandler.ashx.cs  行号 96
	  在类 Yujian.WebService.Interface.Data  方法 Page_Load  位置 f:\WeiXin\WeiXin(3)\Yujian.WebService\Interface\Data.aspx.cs  行号 28
</Stack_Trances>
<Content>
	<Message>
		PreDrawLottery: {"OpenID":"obbEAj1sXp06eR1GOrbb_VgIQ7yY"}
	</Message>
</Content>
</Log>

<Log>
<Date>2014-12-19 23:41:15 293</Date>
<Client_ID>0</Client_ID>
<User_ID>0</User_ID>
<Location>Yujian.WebService.Interface.Data.Page_Load</Location>
<Stack_Trances>
	  在类 Yujian.WebService.Interface.InterfaceHandler  方法 PreDrawLottery  位置 f:\WeiXin\WeiXin(3)\Yujian.WebService\Interface\InterfaceHandler.ashx.cs  行号 96
	  在类 Yujian.WebService.Interface.Data  方法 Page_Load  位置 f:\WeiXin\WeiXin(3)\Yujian.WebService\Interface\Data.aspx.cs  行号 28
</Stack_Trances>
<Content>
	<Message>
		PreDrawLottery: {"OpenID":"obbEAj1sXp06eR1GOrbb_VgIQ7yY"}
	</Message>
</Content>
</Log>

<Log>
<Date>2014-12-19 23:41:16 703</Date>
<Client_ID>0</Client_ID>
<User_ID>0</User_ID>
<Location>Yujian.WebService.Interface.Data.Page_Load</Location>
<Stack_Trances>
	  在类 Yujian.WebService.Interface.InterfaceHandler  方法 PreDrawLottery  位置 f:\WeiXin\WeiXin(3)\Yujian.WebService\Interface\InterfaceHandler.ashx.cs  行号 96
	  在类 Yujian.WebService.Interface.Data  方法 Page_Load  位置 f:\WeiXin\WeiXin(3)\Yujian.WebService\Interface\Data.aspx.cs  行号 28
</Stack_Trances>
<Content>
	<Message>
		PreDrawLottery: {"OpenID":"obbEAj1sXp06eR1GOrbb_VgIQ7yY"}
	</Message>
</Content>
</Log>

<Log>
<Date>2014-12-19 23:41:18 093</Date>
<Client_ID>0</Client_ID>
<User_ID>0</User_ID>
<Location>Yujian.WebService.Interface.Data.Page_Load</Location>
<Stack_Trances>
	  在类 Yujian.WebService.Interface.InterfaceHandler  方法 PreDrawLottery  位置 f:\WeiXin\WeiXin(3)\Yujian.WebService\Interface\InterfaceHandler.ashx.cs  行号 96
	  在类 Yujian.WebService.Interface.Data  方法 Page_Load  位置 f:\WeiXin\WeiXin(3)\Yujian.WebService\Interface\Data.aspx.cs  行号 28
</Stack_Trances>
<Content>
	<Message>
		PreDrawLottery: {"OpenID":"obbEAj1sXp06eR1GOrbb_VgIQ7yY"}
	</Message>
</Content>
</Log>

<Log>
<Date>2014-12-19 23:41:20 263</Date>
<Client_ID>0</Client_ID>
<User_ID>0</User_ID>
<Location>Yujian.WebService.Interface.Data.Page_Load</Location>
<Stack_Trances>
	  在类 Yujian.WebService.Interface.InterfaceHandler  方法 PreDrawLottery  位置 f:\WeiXin\WeiXin(3)\Yujian.WebService\Interface\InterfaceHandler.ashx.cs  行号 96
	  在类 Yujian.WebService.Interface.Data  方法 Page_Load  位置 f:\WeiXin\WeiXin(3)\Yujian.WebService\Interface\Data.aspx.cs  行号 28
</Stack_Trances>
<Content>
	<Message>
		PreDrawLottery: {"OpenID":"obbEAj1sXp06eR1GOrbb_VgIQ7yY"}
	</Message>
</Content>
</Log>

<Log>
<Date>2014-12-19 23:41:21 583</Date>
<Client_ID>0</Client_ID>
<User_ID>0</User_ID>
<Location>Yujian.WebService.Interface.Data.Page_Load</Location>
<Stack_Trances>
	  在类 Yujian.WebService.Interface.InterfaceHandler  方法 PreDrawLottery  位置 f:\WeiXin\WeiXin(3)\Yujian.WebService\Interface\InterfaceHandler.ashx.cs  行号 96
	  在类 Yujian.WebService.Interface.Data  方法 Page_Load  位置 f:\WeiXin\WeiXin(3)\Yujian.WebService\Interface\Data.aspx.cs  行号 28
</Stack_Trances>
<Content>
	<Message>
		PreDrawLottery: {"OpenID":"obbEAj1sXp06eR1GOrbb_VgIQ7yY"}
	</Message>
</Content>
</Log>

<Log>
<Date>2014-12-19 23:41:22 703</Date>
<Client_ID>0</Client_ID>
<User_ID>0</User_ID>
<Location>Yujian.WebService.Interface.Data.Page_Load</Location>
<Stack_Trances>
	  在类 Yujian.WebService.Interface.InterfaceHandler  方法 PreDrawLottery  位置 f:\WeiXin\WeiXin(3)\Yujian.WebService\Interface\InterfaceHandler.ashx.cs  行号 96
	  在类 Yujian.WebService.Interface.Data  方法 Page_Load  位置 f:\WeiXin\WeiXin(3)\Yujian.WebService\Interface\Data.aspx.cs  行号 28
</Stack_Trances>
<Content>
	<Message>
		PreDrawLottery: {"OpenID":"obbEAj1sXp06eR1GOrbb_VgIQ7yY"}
	</Message>
</Content>
</Log>

<Log>
<Date>2014-12-19 23:41:23 883</Date>
<Client_ID>0</Client_ID>
<User_ID>0</User_ID>
<Location>Yujian.WebService.Interface.Data.Page_Load</Location>
<Stack_Trances>
	  在类 Yujian.WebService.Interface.InterfaceHandler  方法 PreDrawLottery  位置 f:\WeiXin\WeiXin(3)\Yujian.WebService\Interface\InterfaceHandler.ashx.cs  行号 96
	  在类 Yujian.WebService.Interface.Data  方法 Page_Load  位置 f:\WeiXin\WeiXin(3)\Yujian.WebService\Interface\Data.aspx.cs  行号 28
</Stack_Trances>
<Content>
	<Message>
		PreDrawLottery: {"OpenID":"obbEAj1sXp06eR1GOrbb_VgIQ7yY"}
	</Message>
</Content>
</Log>

<Log>
<Date>2014-12-19 23:41:25 213</Date>
<Client_ID>0</Client_ID>
<User_ID>0</User_ID>
<Location>Yujian.WebService.Interface.Data.Page_Load</Location>
<Stack_Trances>
	  在类 Yujian.WebService.Interface.InterfaceHandler  方法 PreDrawLottery  位置 f:\WeiXin\WeiXin(3)\Yujian.WebService\Interface\InterfaceHandler.ashx.cs  行号 96
	  在类 Yujian.WebService.Interface.Data  方法 Page_Load  位置 f:\WeiXin\WeiXin(3)\Yujian.WebService\Interface\Data.aspx.cs  行号 28
</Stack_Trances>
<Content>
	<Message>
		PreDrawLottery: {"OpenID":"obbEAj1sXp06eR1GOrbb_VgIQ7yY"}
	</Message>
</Content>
</Log>

<Log>
<Date>2014-12-19 23:41:26 563</Date>
<Client_ID>0</Client_ID>
<User_ID>0</User_ID>
<Location>Yujian.WebService.Interface.Data.Page_Load</Location>
<Stack_Trances>
	  在类 Yujian.WebService.Interface.InterfaceHandler  方法 PreDrawLottery  位置 f:\WeiXin\WeiXin(3)\Yujian.WebService\Interface\InterfaceHandler.ashx.cs  行号 96
	  在类 Yujian.WebService.Interface.Data  方法 Page_Load  位置 f:\WeiXin\WeiXin(3)\Yujian.WebService\Interface\Data.aspx.cs  行号 28
</Stack_Trances>
<Content>
	<Message>
		PreDrawLottery: {"OpenID":"obbEAj1sXp06eR1GOrbb_VgIQ7yY"}
	</Message>
</Content>
</Log>

<Log>
<Date>2014-12-19 23:41:27 713</Date>
<Client_ID>0</Client_ID>
<User_ID>0</User_ID>
<Location>Yujian.WebService.Interface.Data.Page_Load</Location>
<Stack_Trances>
	  在类 Yujian.WebService.Interface.InterfaceHandler  方法 PreDrawLottery  位置 f:\WeiXin\WeiXin(3)\Yujian.WebService\Interface\InterfaceHandler.ashx.cs  行号 96
	  在类 Yujian.WebService.Interface.Data  方法 Page_Load  位置 f:\WeiXin\WeiXin(3)\Yujian.WebService\Interface\Data.aspx.cs  行号 28
</Stack_Trances>
<Content>
	<Message>
		PreDrawLottery: {"OpenID":"obbEAj1sXp06eR1GOrbb_VgIQ7yY"}
	</Message>
</Content>
</Log>

<Log>
<Date>2014-12-19 23:41:28 843</Date>
<Client_ID>0</Client_ID>
<User_ID>0</User_ID>
<Location>Yujian.WebService.Interface.Data.Page_Load</Location>
<Stack_Trances>
	  在类 Yujian.WebService.Interface.InterfaceHandler  方法 PreDrawLottery  位置 f:\WeiXin\WeiXin(3)\Yujian.WebService\Interface\InterfaceHandler.ashx.cs  行号 96
	  在类 Yujian.WebService.Interface.Data  方法 Page_Load  位置 f:\WeiXin\WeiXin(3)\Yujian.WebService\Interface\Data.aspx.cs  行号 28
</Stack_Trances>
<Content>
	<Message>
		PreDrawLottery: {"OpenID":"obbEAj1sXp06eR1GOrbb_VgIQ7yY"}
	</Message>
</Content>
</Log>

